app/build/intermediates/manifest_merge_blame_file/debug/manifest-merger-blame-debug-report.txt
1<?xml version="1.0" encoding="utf-8"?>
2<manifest xmlns:android="http://schemas.android.com/apk/res/android"
3    package="com.saurabh.pussgrc"
4    android:versionCode="1"
5    android:versionName="1.0" >
6
7    <uses-sdk
8        android:minSdkVersion="21"
8-->src/main/AndroidManifest.xml
9        android:targetSdkVersion="30" />
9-->src/main/AndroidManifest.xml
10
11    <!-- Although the *SdkVersion is captured in gradle build files, this is required for non gradle builds -->
12    <!-- <uses-sdk android:minSdkVersion="14"/> -->
13    <uses-permission android:name="android.permission.ACCESS_NETWORK_STATE" />
13-->[com.google.firebase:firebase-database:20.0.3] AndroidManifest.xml:25:5-79
13-->[com.google.firebase:firebase-database:20.0.3] AndroidManifest.xml:25:22-76
14    <uses-permission android:name="android.permission.INTERNET" />
14-->[com.google.firebase:firebase-database:20.0.3] AndroidManifest.xml:26:5-67
14-->[com.google.firebase:firebase-database:20.0.3] AndroidManifest.xml:26:22-64
15    <uses-permission android:name="android.permission.WAKE_LOCK" />
15-->[com.google.android.gms:play-services-measurement-api:20.0.2] AndroidManifest.xml:24:5-68
15-->[com.google.android.gms:play-services-measurement-api:20.0.2] AndroidManifest.xml:24:22-65
16    <uses-permission android:name="com.google.android.finsky.permission.BIND_GET_INSTALL_REFERRER_SERVICE" /> <!-- Include required permissions for Advertising Id -->
16-->[com.google.android.gms:play-services-measurement:20.0.2] AndroidManifest.xml:26:5-110
16-->[com.google.android.gms:play-services-measurement:20.0.2] AndroidManifest.xml:26:22-107
17    <uses-permission android:name="com.google.android.gms.permission.AD_ID" />
17-->[com.google.android.gms:play-services-ads-identifier:18.0.0] AndroidManifest.xml:23:5-79
17-->[com.google.android.gms:play-services-ads-identifier:18.0.0] AndroidManifest.xml:23:22-76
18
19    <application
19-->src/main/AndroidManifest.xml:5:5-36:19
20        android:allowBackup="true"
20-->src/main/AndroidManifest.xml:6:9-35
21        android:appComponentFactory="androidx.core.app.CoreComponentFactory"
21-->[androidx.core:core:1.5.0] AndroidManifest.xml:24:18-86
22        android:debuggable="true"
23        android:icon="@drawable/pu_logo2"
23-->src/main/AndroidManifest.xml:7:9-42
24        android:label="@string/app_name"
24-->src/main/AndroidManifest.xml:8:9-41
25        android:roundIcon="@drawable/pu_logo2"
25-->src/main/AndroidManifest.xml:9:9-47
26        android:supportsRtl="true"
26-->src/main/AndroidManifest.xml:10:9-35
27        android:testOnly="true"
28        android:theme="@style/Theme.PUSSGRC" >
28-->src/main/AndroidManifest.xml:11:9-45
29        <activity
29-->src/main/AndroidManifest.xml:12:9-13:57
30            android:name="com.saurabh.pussgrc.Developer"
30-->src/main/AndroidManifest.xml:12:19-44
31            android:parentActivityName="com.saurabh.pussgrc.MainActivity" />
31-->src/main/AndroidManifest.xml:13:13-55
32        <activity
32-->src/main/AndroidManifest.xml:14:9-15:57
33            android:name="com.saurabh.pussgrc.Website"
33-->src/main/AndroidManifest.xml:14:19-42
34            android:parentActivityName="com.saurabh.pussgrc.MainActivity" />
34-->src/main/AndroidManifest.xml:15:13-55
35        <activity
35-->src/main/AndroidManifest.xml:16:9-17:57
36            android:name="com.saurabh.pussgrc.ELibrary"
36-->src/main/AndroidManifest.xml:16:19-43
37            android:parentActivityName="com.saurabh.pussgrc.MainActivity" />
37-->src/main/AndroidManifest.xml:17:13-55
38        <activity
38-->src/main/AndroidManifest.xml:18:9-19:57
39            android:name="com.saurabh.pussgrc.Results"
39-->src/main/AndroidManifest.xml:18:19-42
40            android:parentActivityName="com.saurabh.pussgrc.MainActivity" />
40-->src/main/AndroidManifest.xml:19:13-55
41        <activity android:name="com.saurabh.pussgrc.FullImageView" />
41-->src/main/AndroidManifest.xml:20:9-50
41-->src/main/AndroidManifest.xml:20:19-48
42        <activity
42-->src/main/AndroidManifest.xml:21:9-23:58
43            android:name="com.saurabh.pussgrc.ebook.EbookActivity"
43-->src/main/AndroidManifest.xml:22:13-48
44            android:parentActivityName="com.saurabh.pussgrc.MainActivity" />
44-->src/main/AndroidManifest.xml:23:13-55
45        <activity
45-->src/main/AndroidManifest.xml:24:9-32:20
46            android:name="com.saurabh.pussgrc.SplashScreen"
46-->src/main/AndroidManifest.xml:25:13-41
47            android:theme="@style/SplashScreen" >
47-->src/main/AndroidManifest.xml:26:13-48
48            <intent-filter>
48-->src/main/AndroidManifest.xml:27:13-31:29
49                <action android:name="android.intent.action.MAIN" />
49-->src/main/AndroidManifest.xml:28:17-69
49-->src/main/AndroidManifest.xml:28:25-66
50
51                <category android:name="android.intent.category.LAUNCHER" />
51-->src/main/AndroidManifest.xml:30:17-77
51-->src/main/AndroidManifest.xml:30:27-74
52            </intent-filter>
53        </activity>
54        <activity
54-->src/main/AndroidManifest.xml:33:9-35:52
55            android:name="com.saurabh.pussgrc.MainActivity"
55-->src/main/AndroidManifest.xml:34:13-41
56            android:theme="@style/Theme.PUSSGRC" />
56-->src/main/AndroidManifest.xml:35:13-49
57
58        <provider
58-->[com.squareup.picasso:picasso:2.71828] AndroidManifest.xml:8:9-11:40
59            android:name="com.squareup.picasso.PicassoProvider"
59-->[com.squareup.picasso:picasso:2.71828] AndroidManifest.xml:9:13-64
60            android:authorities="com.saurabh.pussgrc.com.squareup.picasso"
60-->[com.squareup.picasso:picasso:2.71828] AndroidManifest.xml:10:13-72
61            android:exported="false" />
61-->[com.squareup.picasso:picasso:2.71828] AndroidManifest.xml:11:13-37
62
63        <service
63-->[com.google.firebase:firebase-database:20.0.3] AndroidManifest.xml:29:9-35:19
64            android:name="com.google.firebase.components.ComponentDiscoveryService"
64-->[com.google.firebase:firebase-database:20.0.3] AndroidManifest.xml:30:13-84
65            android:directBootAware="true"
65-->[com.google.firebase:firebase-common:20.0.0] AndroidManifest.xml:35:13-43
66            android:exported="false" >
66-->[com.google.firebase:firebase-database:20.0.3] AndroidManifest.xml:31:13-37
67            <meta-data
67-->[com.google.firebase:firebase-database:20.0.3] AndroidManifest.xml:32:13-34:85
68                android:name="com.google.firebase.components:com.google.firebase.database.DatabaseRegistrar"
68-->[com.google.firebase:firebase-database:20.0.3] AndroidManifest.xml:33:17-109
69                android:value="com.google.firebase.components.ComponentRegistrar" />
69-->[com.google.firebase:firebase-database:20.0.3] AndroidManifest.xml:34:17-82
70            <meta-data
70-->[com.google.android.gms:play-services-measurement-api:20.0.2] AndroidManifest.xml:30:13-32:85
71                android:name="com.google.firebase.components:com.google.firebase.analytics.connector.internal.AnalyticsConnectorRegistrar"
71-->[com.google.android.gms:play-services-measurement-api:20.0.2] AndroidManifest.xml:31:17-139
72                android:value="com.google.firebase.components.ComponentRegistrar" />
72-->[com.google.android.gms:play-services-measurement-api:20.0.2] AndroidManifest.xml:32:17-82
73            <meta-data
73-->[com.google.firebase:firebase-installations:17.0.0] AndroidManifest.xml:18:13-20:85
74                android:name="com.google.firebase.components:com.google.firebase.installations.FirebaseInstallationsRegistrar"
74-->[com.google.firebase:firebase-installations:17.0.0] AndroidManifest.xml:19:17-127
75                android:value="com.google.firebase.components.ComponentRegistrar" />
75-->[com.google.firebase:firebase-installations:17.0.0] AndroidManifest.xml:20:17-82
76        </service>
77
78        <provider
78-->[com.google.firebase:firebase-common:20.0.0] AndroidManifest.xml:26:9-31:39
79            android:name="com.google.firebase.provider.FirebaseInitProvider"
79-->[com.google.firebase:firebase-common:20.0.0] AndroidManifest.xml:27:13-77
80            android:authorities="com.saurabh.pussgrc.firebaseinitprovider"
80-->[com.google.firebase:firebase-common:20.0.0] AndroidManifest.xml:28:13-72
81            android:directBootAware="true"
81-->[com.google.firebase:firebase-common:20.0.0] AndroidManifest.xml:29:13-43
82            android:exported="false"
82-->[com.google.firebase:firebase-common:20.0.0] AndroidManifest.xml:30:13-37
83            android:initOrder="100" />
83-->[com.google.firebase:firebase-common:20.0.0] AndroidManifest.xml:31:13-36
84
85        <receiver
85-->[com.google.android.gms:play-services-measurement:20.0.2] AndroidManifest.xml:29:9-33:20
86            android:name="com.google.android.gms.measurement.AppMeasurementReceiver"
86-->[com.google.android.gms:play-services-measurement:20.0.2] AndroidManifest.xml:30:13-85
87            android:enabled="true"
87-->[com.google.android.gms:play-services-measurement:20.0.2] AndroidManifest.xml:31:13-35
88            android:exported="false" >
88-->[com.google.android.gms:play-services-measurement:20.0.2] AndroidManifest.xml:32:13-37
89        </receiver>
90
91        <service
91-->[com.google.android.gms:play-services-measurement:20.0.2] AndroidManifest.xml:35:9-38:40
92            android:name="com.google.android.gms.measurement.AppMeasurementService"
92-->[com.google.android.gms:play-services-measurement:20.0.2] AndroidManifest.xml:36:13-84
93            android:enabled="true"
93-->[com.google.android.gms:play-services-measurement:20.0.2] AndroidManifest.xml:37:13-35
94            android:exported="false" />
94-->[com.google.android.gms:play-services-measurement:20.0.2] AndroidManifest.xml:38:13-37
95        <service
95-->[com.google.android.gms:play-services-measurement:20.0.2] AndroidManifest.xml:39:9-43:72
96            android:name="com.google.android.gms.measurement.AppMeasurementJobService"
96-->[com.google.android.gms:play-services-measurement:20.0.2] AndroidManifest.xml:40:13-87
97            android:enabled="true"
97-->[com.google.android.gms:play-services-measurement:20.0.2] AndroidManifest.xml:41:13-35
98            android:exported="false"
98-->[com.google.android.gms:play-services-measurement:20.0.2] AndroidManifest.xml:42:13-37
99            android:permission="android.permission.BIND_JOB_SERVICE" />
99-->[com.google.android.gms:play-services-measurement:20.0.2] AndroidManifest.xml:43:13-69
100
101        <activity
101-->[com.google.android.gms:play-services-base:17.1.0] AndroidManifest.xml:23:9-26:75
102            android:name="com.google.android.gms.common.api.GoogleApiActivity"
102-->[com.google.android.gms:play-services-base:17.1.0] AndroidManifest.xml:24:13-79
103            android:exported="false"
103-->[com.google.android.gms:play-services-base:17.1.0] AndroidManifest.xml:25:13-37
104            android:theme="@android:style/Theme.Translucent.NoTitleBar" />
104-->[com.google.android.gms:play-services-base:17.1.0] AndroidManifest.xml:26:13-72
105
106        <meta-data
106-->[com.google.android.gms:play-services-basement:18.0.0] AndroidManifest.xml:21:9-23:69
107            android:name="com.google.android.gms.version"
107-->[com.google.android.gms:play-services-basement:18.0.0] AndroidManifest.xml:22:13-58
108            android:value="@integer/google_play_services_version" />
108-->[com.google.android.gms:play-services-basement:18.0.0] AndroidManifest.xml:23:13-66
109    </application>
110
111</manifest>